<?xml version="1.0" encoding="UTF-8"?>
<!-- Generated by org.testng.reporters.JUnitReportReporter -->
<testsuite hostname="RBF-5CG9333ZX3" failures="0" tests="1" name="scenarios.AlertTest" time="9.449" errors="0" timestamp="2022-12-27T15:55:38 AST" skipped="0">
  <testcase classname="scenarios.AlertTest" name="verifyAlert" time="9.449"/>
  <system-out/>
</testsuite> <!-- scenarios.AlertTest -->
